C51 COMPILER V9.01   MAIN                                                                  04/14/2026 17:07:09 PAGE 1   


C51 COMPILER V9.01, COMPILATION OF MODULE MAIN
OBJECT MODULE PLACED IN main.OBJ
COMPILER INVOKED BY: C:\Keil\C51\BIN\C51.EXE main.c BROWSE DEBUG OBJECTEXTEND

line level    source

   1          #include <reg52.h>
   2          
   3          // ======= DINH NGHIA CHAN LCD (4-BIT MODE) =======
   4          sbit RS = P2 ^ 6; // Register Select
   5          sbit EN = P2 ^ 7; // Enable
   6          sbit D4 = P3 ^ 4; // Data bit 4
   7          sbit D5 = P3 ^ 5; // Data bit 5
   8          sbit D6 = P3 ^ 6; // Data bit 6
   9          sbit D7 = P3 ^ 7; // Data bit 7
  10          
  11          // ======= DINH NGHIA CHAN NUT NHAN =======
  12          sbit BTN_UP = P1 ^ 6;   // Nut tang
  13          sbit BTN_DOWN = P1 ^ 7; // Nut giam
  14          
  15          sbit MOTOR_1 = P1 ^ 2; // vao
  16          sbit MOTOR_2 = P1 ^ 3; // ra
  17          
  18          // ======= DINH NGHIA CHAN 7-SEGMENT =======
  19          #define SEG_DATA P0 // Du lieu 7-segment (A-G)
  20          sbit SEG1 = P2 ^ 0; // COM1 - Hang chuc
  21          sbit SEG2 = P2 ^ 1; // COM2 - Hang don vi
  22          
  23          // ======= MA HIEN THI 7-SEGMENT =======
  24          unsigned char code seg_code[] = {
  25              0xC0, // 0
  26              0xF9, // 1
  27              0xA4, // 2
  28              0xB0, // 3
  29              0x99, // 4
  30              0x92, // 5
  31              0x82, // 6
  32              0xF8, // 7
  33              0x80, // 8
  34              0x90  // 9
  35          };
  36          
  37          // ======= BIEN TOAN CUC =======
  38          unsigned char temp = 30;
  39          
  40          // ======= HAM TRE =======
  41          void delay_ms(unsigned int ms)
  42          {
  43   1          unsigned int i, j;
  44   1          for (i = 0; i < ms; i++)
  45   1              for (j = 0; j < 120; j++)
  46   1                  ;
  47   1      }
  48          
  49          // ======= HAM GUI 4-BIT CHO LCD =======
  50          void LCD_Send4Bit(unsigned char cX)
  51          {
  52   1          D7 = (cX >> 3) & 1;
  53   1          D6 = (cX >> 2) & 1;
  54   1          D5 = (cX >> 1) & 1;
  55   1          D4 = cX & 1;
C51 COMPILER V9.01   MAIN                                                                  04/14/2026 17:07:09 PAGE 2   

  56   1      }
  57          
  58          // ======= HAM GUI XUNG ENABLE =======
  59          void LCD_Enable()
  60          {
  61   1          EN = 1;
  62   1          delay_ms(1);
  63   1          EN = 0;
  64   1          delay_ms(1);
  65   1      }
  66          
  67          // ======= HAM GUI LENH CHO LCD =======
  68          void LCD_Command(unsigned char cmd)
  69          {
  70   1          RS = 0;
  71   1          LCD_Send4Bit(cmd >> 4);
  72   1          LCD_Enable();
  73   1          LCD_Send4Bit(cmd);
  74   1          LCD_Enable();
  75   1          delay_ms(2);
  76   1      }
  77          
  78          // ======= HAM GUI DU LIEU CHO LCD =======
  79          void LCD_Char(unsigned char chr)
  80          {
  81   1          RS = 1;
  82   1          LCD_Send4Bit(chr >> 4);
  83   1          LCD_Enable();
  84   1          LCD_Send4Bit(chr);
  85   1          LCD_Enable();
  86   1          delay_ms(2);
  87   1      }
  88          
  89          // ======= HAM KHOI TAO LCD 4-BIT =======
  90          void LCD_Init()
  91          {
  92   1          delay_ms(50); // >40ms sau khi cấp nguồn
  93   1          RS = 0;
  94   1          EN = 0;
  95   1      
  96   1          // Khởi tạo mạnh cho 4-bit mode
  97   1          LCD_Send4Bit(0x03);
  98   1          LCD_Enable();
  99   1          delay_ms(5);
 100   1      
 101   1          LCD_Send4Bit(0x03);
 102   1          LCD_Enable();
 103   1          delay_ms(5);
 104   1      
 105   1          LCD_Send4Bit(0x03);
 106   1          LCD_Enable();
 107   1          delay_ms(5);
 108   1      
 109   1          LCD_Send4Bit(0x02); // Chuyển sang 4-bit
 110   1          LCD_Enable();
 111   1          delay_ms(5);
 112   1      
 113   1          // Các lệnh cấu hình
 114   1          LCD_Command(0x28); // 4-bit, 2 dòng, font 5x8
 115   1          LCD_Command(0x0C); // Display ON, Cursor OFF, Blink OFF
 116   1          LCD_Command(0x06); // Tăng con trỏ sang phải
 117   1          LCD_Command(0x01); // Clear màn hình
C51 COMPILER V9.01   MAIN                                                                  04/14/2026 17:07:09 PAGE 3   

 118   1          delay_ms(10);
 119   1      }
 120          
 121          // ======= HAM DIA CHI CON TRO VT TRI =======
 122          void LCD_Goto(unsigned char row, unsigned char col)
 123          {
 124   1          unsigned char address;
 125   1          if (row == 0)
 126   1              address = 0x80 + col; // Clear
 127   1          else
 128   1              address = 0xC0 + col;
 129   1          LCD_Command(address);
 130   1      }
 131          
 132          // ======= HAM HIEN THI CHUOI =======
 133          void LCD_String(char *str)
 134          {
 135   1          while (*str)
 136   1          {
 137   2              LCD_Char(*str++);
 138   2          }
 139   1      }
 140          
 141          // ======= HAM HIEN THI SO =======
 142          void LCD_Number(unsigned char num)
 143          {
 144   1          LCD_Char((num / 10) + '0');
 145   1          LCD_Char((num % 10) + '0');
 146   1      }
 147          
 148          // ======= HAM HIEN THI 7-SEGMENT =======
 149          void Display_7Seg()
 150          {
 151   1          unsigned char chuc, donvi;
 152   1          chuc = temp / 10;
 153   1          donvi = temp % 10;
 154   1      
 155   1          // ANODE chung: SEG1 de bat, SEG2 de tat
 156   1          // Hien thi hang chuc
 157   1          SEG1 = 0;
 158   1          SEG2 = 0;
 159   1          SEG_DATA = seg_code[chuc];
 160   1          SEG1 = 1;
 161   1          delay_ms(2);
 162   1      
 163   1          // Hien thi hang don vi
 164   1          SEG1 = 0;
 165   1          SEG2 = 0;
 166   1          SEG_DATA = seg_code[donvi];
 167   1          SEG2 = 1;
 168   1          delay_ms(2);
 169   1      }
 170          
 171          // ======= HAM CAP NHAT LCD =======
 172          // ======= MẢNG 50 BIỂN SỐ XE NGẪU NHIÊN =======
 173          unsigned char code license_plates[50][15] = {
 174              "92_D1_859.45",
 175              "66_H3_854.23",
 176              "95_X2_704.64",
 177              "53_A2_323.39",
 178              "83_Z1_674.35",
 179              "97_X7_325.67",
C51 COMPILER V9.01   MAIN                                                                  04/14/2026 17:07:09 PAGE 4   

 180              "89_K1_877.30",
 181              "96_S6_384.29",
 182              "64_M2_194.58",
 183              "57_N6_718.43",
 184              "53_T9_227.58",
 185              "56_X5_949.90",
 186              "91_N4_821.18",
 187              "53_H5_181.39",
 188              "57_P5_564.91",
 189              "74_F6_463.36",
 190              "94_K2_723.91",
 191              "61_X4_267.69",
 192              "75_K9_324.97",
 193              "71_B4_941.14",
 194              "71_P5_167.37",
 195              "88_M4_771.73",
 196              "76_T3_371.27",
 197              "66_X9_369.84",
 198              "78_Y7_470.38",
 199              "59_V8_193.16",
 200              "58_E3_911.97",
 201              "78_Z2_494.58",
 202              "90_T9_357.80",
 203              "51_D9_868.44",
 204              "93_M2_400.65",
 205              "61_T1_839.43",
 206              "83_F9_208.90",
 207              "70_V4_256.57",
 208              "61_X9_100.86",
 209              "71_U1_214.56",
 210              "70_H1_346.82",
 211              "56_C8_935.18",
 212              "85_E3_775.70",
 213              "86_F5_640.87",
 214              "78_G9_873.98",
 215              "63_L7_787.93",
 216              "74_T9_562.25",
 217              "66_H2_446.12",
 218              "89_X4_702.38",
 219              "51_C1_334.18",
 220              "53_M2_626.40",
 221              "68_U4_652.26",
 222              "98_Y8_348.70",
 223              "77_G2_199.94"};
 224          
 225          // ================== BIẾN TOÀN CỤC (thêm vào phần khai báo biến) ==================
 226          unsigned char current_index = 0; // Biến theo dõi biển số hiện tại
 227          
 228          void Update_LCD()
 229          {
 230   1          LCD_Command(0x01); // Clear màn hình
 231   1      
 232   1          // Tắt 7-segment để tránh xung dot
 233   1          SEG1 = 1;
 234   1          SEG2 = 1;
 235   1          SEG_DATA = 0xFF;
 236   1          delay_ms(5);
 237   1      
 238   1          // Dong 1:
 239   1          LCD_Goto(0, 0);
 240   1          LCD_String("BIEN SO: ");
 241   1      
C51 COMPILER V9.01   MAIN                                                                  04/14/2026 17:07:09 PAGE 5   

 242   1          // Dong 2: Hiển thị biển số theo thứ tự tăng dần
 243   1          LCD_Goto(1, 0);
 244   1          LCD_String(license_plates[current_index]);
 245   1      
 246   1          current_index++;
 247   1          if (current_index >= 50)
 248   1              current_index = 0;
 249   1      }
 250          
 251          void moCuaChoXeVao()
 252          {
 253   1      
 254   1          MOTOR_1 = 1;
 255   1          MOTOR_2 = 0;
 256   1      }
 257          
 258          void moCuaChoXeRa()
 259          {
 260   1      
 261   1          MOTOR_2 = 1;
 262   1          MOTOR_1 = 0;
 263   1      }
 264          
 265          // ======= HAM XU LY NUT NHAN =======
 266          void Process_Button()
 267          {
 268   1          static unsigned char btn_pressed = 0;
 269   1          unsigned char i;
 270   1      
 271   1          // Nut tang (nhan = 0)
 272   1          if (BTN_UP == 0 && !btn_pressed)
 273   1          {
 274   2              delay_ms(30);
 275   2              if (BTN_UP == 0)
 276   2              {
 277   3                  btn_pressed = 1;
 278   3                  if (temp < 99)
 279   3                  {
 280   4                      temp++;
 281   4                  }
 282   3                  Update_LCD();
 283   3      
 284   3                  // Hien thi 7-seg on dinh sau khi cap nhat
 285   3                  for (i = 0; i < 100; i++)
 286   3                  {
 287   4                      Display_7Seg();
 288   4                  }
 289   3      
 290   3                  moCuaChoXeVao();
 291   3              }
 292   2          }
 293   1      
 294   1          // Nut giam (nhan = 0)
 295   1          if (BTN_DOWN == 0 && !btn_pressed)
 296   1          {
 297   2              delay_ms(30);
 298   2              if (BTN_DOWN == 0)
 299   2              {
 300   3                  btn_pressed = 1;
 301   3                  if (temp > 0)
 302   3                  {
 303   4                      temp--;
C51 COMPILER V9.01   MAIN                                                                  04/14/2026 17:07:09 PAGE 6   

 304   4                  }
 305   3                  Update_LCD();
 306   3      
 307   3                  // Hien thi 7-seg on dinh sau khi cap nhat
 308   3                  for (i = 0; i < 100; i++)
 309   3                  {
 310   4                      Display_7Seg();
 311   4                  }
 312   3      
 313   3                  moCuaChoXeRa();
 314   3              }
 315   2          }
 316   1      
 317   1          // Reset trang thai
 318   1          if (BTN_UP == 1 && BTN_DOWN == 1)
 319   1          {
 320   2              btn_pressed = 0;
 321   2          }
 322   1      }
 323          
 324          // ======= HAM MAIN =======
 325          void main()
 326          {
 327   1          unsigned char i;
 328   1      
 329   1          // Cau hinh port
 330   1          P3 = 0xFF; // Set cao de on dinh
 331   1          P1 = 0xFF; // Port 1 input (pull-up)
 332   1          P2 = 0x00; // Port 2 output
 333   1          P3 = 0x00; // Port 3 output
 334   1      
 335   1          // Tat 7-segment ban dau
 336   1          SEG1 = 1;
 337   1          SEG2 = 1;
 338   1          SEG_DATA = 0xFF;
 339   1      
 340   1          MOTOR_1 = 0;
 341   1          MOTOR_2 = 0;
 342   1      
 343   1          // Khoi tao LCD
 344   1          delay_ms(200);
 345   1          LCD_Init();
 346   1          delay_ms(100);
 347   1          LCD_Goto(0, 0);
 348   1          LCD_String("HE THONG NHUNG");
 349   1          LCD_Goto(1, 0);
 350   1          LCD_String("SMART PARKING");
 351   1      
 352   1          // Hien thi 7-seg on dinh sau khi khoi tao
 353   1          for (i = 0; i < 100; i++)
 354   1          {
 355   2              Display_7Seg();
 356   2          }
 357   1      
 358   1          // Vong lap chinh
 359   1          while (1)
 360   1          {
 361   2              // Hien thi 7-segment lien tuc
 362   2              Display_7Seg();
 363   2      
 364   2              // Kiem tra nut nhan
 365   2              Process_Button();
C51 COMPILER V9.01   MAIN                                                                  04/14/2026 17:07:09 PAGE 7   

 366   2          }
 367   1      }


MODULE INFORMATION:   STATIC OVERLAYABLE
   CODE SIZE        =    598    ----
   CONSTANT SIZE    =    799    ----
   XDATA SIZE       =   ----    ----
   PDATA SIZE       =   ----    ----
   DATA SIZE        =      3       7
   IDATA SIZE       =   ----    ----
   BIT SIZE         =   ----    ----
END OF MODULE INFORMATION.


C51 COMPILATION COMPLETE.  0 WARNING(S),  0 ERROR(S)
